<?xml version="1.0" encoding="UTF-8"?>
<!-- Generated by org.testng.reporters.JUnitReportReporter -->
<testsuite hostname="DESKTOP-JK9M2LI" failures="0" tests="1" name="TestScripts.SwagLab001" time="83.422" errors="0" timestamp="24 Apr 2023 04:42:49 GMT">
  <testcase classname="TestScripts.SwagLab001" name="SwagLab_001" time="83.422"/>
</testsuite> <!-- TestScripts.SwagLab001 -->
