<?xml version="1.0" encoding="UTF-8"?>
<!-- Generated by org.testng.reporters.JUnitReportReporter -->
<testsuite hostname="DESKTOP-JK9M2LI" failures="0" tests="1" name="TestScripts.Blaze001" time="13.722" errors="0" timestamp="28 Apr 2023 15:06:45 GMT">
  <testcase classname="TestScripts.Blaze001" name="blaze001" time="13.722"/>
</testsuite> <!-- TestScripts.Blaze001 -->
