<?xml version="1.0" encoding="UTF-8"?>
<!-- Generated by org.testng.reporters.JUnitReportReporter -->
<testsuite hostname="DESKTOP-JK9M2LI" failures="0" tests="1" name="TestScripts.Xyzbankcode0001" time="57.509" errors="0" timestamp="23 Apr 2023 16:46:46 GMT">
  <testcase classname="TestScripts.Xyzbankcode0001" name="Xyzbankcode_0001" time="57.509"/>
</testsuite> <!-- TestScripts.Xyzbankcode0001 -->
