<?xml version="1.0" encoding="UTF-8"?>
<!-- Generated by org.testng.reporters.JUnitReportReporter -->
<testsuite hostname="DESKTOP-JK9M2LI" failures="0" tests="1" name="TestScripts.Amazon001" time="82.238" errors="0" timestamp="22 Apr 2023 04:54:39 GMT">
  <testcase classname="TestScripts.Amazon001" name="amazon_001" time="82.238"/>
</testsuite> <!-- TestScripts.Amazon001 -->
